\BOOKMARK [0][-]{chapter.1}{\376\377\000G\000i\036\333\000i\000\040\000t\000h\000i\036\307\000u\000\040\000t\036\325\000n\000g\000\040\000q\000u\000a\000n}{}% 1
\BOOKMARK [1][-]{section.1.1}{\376\377\000B\000\340\000i\000\040\000t\000o\000\341\000n\000\040\000t\000h\036\361\000c\000\040\000t\036\277}{chapter.1}% 2
\BOOKMARK [1][-]{section.1.2}{\376\377\000K\000h\000\341\000i\000\040\000n\000i\036\307\000m\000\040\000T\000r\000u\000y\000\040\000x\000u\036\245\000t\000\040\000T\000h\000\364\000n\000g\000\040\000t\000i\000n}{chapter.1}% 3
\BOOKMARK [1][-]{section.1.3}{\376\377\000V\000a\000i\000\040\000t\000r\000\362\000\040\000c\036\347\000a\000\040\000T\000r\000u\000y\000\040\000x\000u\036\245\000t\000\040\000T\000h\000\364\000n\000g\000\040\000t\000i\000n}{chapter.1}% 4
\BOOKMARK [1][-]{section.1.4}{\376\377\000Q\000u\000y\000\040\000t\000r\000\354\000n\000h\000\040\000t\000r\000u\000y\000\040\000x\000u\036\245\000t\000\040\000t\000h\000\364\000n\000g\000\040\000t\000i\000n}{chapter.1}% 5
\BOOKMARK [2][-]{subsection.1.4.1}{\376\377\000G\000i\000a\000i\000\040\001\021\000o\036\241\000n\000\040\000t\000i\036\301\000n\000\040\000x\036\355\000\040\000l\000\375}{section.1.4}% 6
\BOOKMARK [2][-]{subsection.1.4.2}{\376\377\000G\000i\000a\000i\000\040\001\021\000o\036\241\000n\000\040\000l\036\255\000p\000\040\000c\000h\036\311\000\040\000m\036\345\000c}{section.1.4}% 7
\BOOKMARK [2][-]{subsection.1.4.3}{\376\377\000G\000i\000a\000i\000\040\001\021\000o\036\241\000n\000\040\000t\000r\000u\000y\000\040\000v\036\245\000n}{section.1.4}% 8
\BOOKMARK [0][-]{chapter.2}{\376\377\000V\000e\000c\000t\000o\000r\000\040\000S\000p\000a\000c\000e\000\040\000M\000o\000d\000e\000l}{}% 9
\BOOKMARK [1][-]{section.2.1}{\376\377\000G\000i\036\333\000i\000\040\000t\000h\000i\036\307\000u}{chapter.2}% 10
\BOOKMARK [1][-]{section.2.2}{\376\377\000K\000\355\000\040\000h\000i\036\307\000u}{chapter.2}% 11
\BOOKMARK [1][-]{section.2.3}{\376\377\000\335\000\040\000t\001\260\036\337\000n\000g}{chapter.2}% 12
\BOOKMARK [1][-]{section.2.4}{\376\377\000P\000h\000\342\000n\000\040\000t\000\355\000c\000h\000\040\000t\000\340\000i\000\040\000l\000i\036\307\000u\000\040\000v\000\340\000\040\000l\036\255\000p\000\040\000c\000h\036\311\000\040\000m\036\345\000c}{chapter.2}% 13
\BOOKMARK [2][-]{subsection.2.4.1}{\376\377\000P\000h\000\342\000n\000\040\000t\000\355\000c\000h\000\040\000t\000\340\000i\000\040\000l\000i\036\307\000u}{section.2.4}% 14
\BOOKMARK [2][-]{subsection.2.4.2}{\376\377\000L\036\255\000p\000\040\000c\000h\036\311\000\040\000m\036\345\000c}{section.2.4}% 15
\BOOKMARK [1][-]{section.2.5}{\376\377\000T\000r\000u\000y\000\040\000x\000u\036\245\000t\000\040\000c\000h\036\311\000\040\000m\036\345\000c}{chapter.2}% 16
\BOOKMARK [2][-]{subsection.2.5.1}{\376\377\000C\000o\000n\000c\000e\000p\000t\000\040\000V\000e\000c\000t\000o\000r\000s}{section.2.5}% 17
\BOOKMARK [2][-]{subsection.2.5.2}{\376\377\000T\000r\036\315\000n\000g\000\040\000s\036\321\000\040\000\050\000w\000e\000i\000g\000h\000t\000\051\000\040\000c\000h\000o\000\040\000c\000\341\000c\000\040\000v\000e\000c\000t\000o\000r\000s}{section.2.5}% 18
\BOOKMARK [1][-]{section.2.6}{\376\377\000T\000\355\000n\000h\000\040\001\021\036\331\000\040\000t\001\260\001\241\000n\000g\000\040\001\021\036\323\000n\000g\000\040\000v\000\340\000\040\000x\036\277\000p\000\040\000h\036\241\000n\000g}{chapter.2}% 19
\BOOKMARK [2][-]{subsection.2.6.1}{\376\377\001\020\036\331\000\040\000t\001\260\001\241\000n\000g\000\040\001\021\036\323\000n\000g\000\040\000c\000o\000s\000i\000n\000e}{section.2.6}% 20
\BOOKMARK [1][-]{section.2.7}{\376\377\000N\000h\036\255\000n\000\040\000x\000\351\000t}{chapter.2}% 21
\BOOKMARK [2][-]{subsection.2.7.1}{\376\377\001\257\000u\000\040\001\021\000i\036\303\000m}{section.2.7}% 22
\BOOKMARK [2][-]{subsection.2.7.2}{\376\377\000N\000h\001\260\036\343\000c\000\040\001\021\000i\036\303\000m}{section.2.7}% 23
\BOOKMARK [0][-]{chapter.3}{\376\377\000N\000e\000u\000r\000a\000l\000\040\000N\000e\000t\000w\000o\000r\000k\000-\000b\000a\000s\000e\000d\000\040\000M\000o\000d\000e\000l}{}% 24
\BOOKMARK [1][-]{section.3.1}{\376\377\000G\000i\036\333\000i\000\040\000t\000h\000i\036\307\000u}{chapter.3}% 25
\BOOKMARK [1][-]{section.3.2}{\376\377\000K\000i\036\277\000n\000\040\000t\000r\000\372\000c\000\040\000B\000E\000R\000T}{chapter.3}% 26
\BOOKMARK [1][-]{section.3.3}{\376\377\000\335\000\040\000t\001\260\036\337\000n\000g}{chapter.3}% 27
\BOOKMARK [1][-]{section.3.4}{\376\377\000L\036\255\000p\000\040\000c\000h\036\311\000\040\000m\036\345\000c}{chapter.3}% 28
\BOOKMARK [0][-]{chapter.4}{\376\377\000C\000\340\000i\000\040\001\021\036\267\000t\000\040\000v\000\340\000\040\001\021\000\341\000n\000h\000\040\000g\000i\000\341}{}% 29
\BOOKMARK [1][-]{section.4.1}{\376\377\000D\036\357\000\040\000l\000i\036\307\000u\000\040\000v\000\340\000\040\001\021\036\331\000\040\001\021\000o}{chapter.4}% 30
\BOOKMARK [1][-]{section.4.2}{\376\377\000V\000e\000c\000t\000o\000r\000\040\000S\000p\000a\000c\000e\000\040\000M\000o\000d\000e\000l}{chapter.4}% 31
\BOOKMARK [1][-]{section.4.3}{\376\377\000N\000e\000u\000r\000a\000l\000\040\000N\000e\000t\000w\000o\000r\000k\000-\000b\000a\000s\000e\000d\000\040\000M\000o\000d\000e\000l}{chapter.4}% 32
\BOOKMARK [1][-]{section.4.4}{\376\377\001\020\000\341\000n\000h\000\040\000g\000i\000\341}{chapter.4}% 33
\BOOKMARK [0][-]{chapter.5}{\376\377\000T\036\325\000n\000g\000\040\000k\036\277\000t\000\040\000v\000\340\000\040\000m\036\337\000\040\000r\036\331\000n\000g}{}% 34
\BOOKMARK [0][-]{chapter.6}{\376\377\036\350\000n\000g\000\040\000d\036\345\000n\000g\000\040\000t\000h\036\361\000c\000\040\000t\036\277}{}% 35
\BOOKMARK [1][-]{section.6.1}{\376\377\000G\000i\036\333\000i\000\040\000t\000h\000i\036\307\000u\000\040\000c\000h\000u\000n\000g\000\040\000v\036\301\000\040\000h\036\307\000\040\000t\000h\036\321\000n\000g}{chapter.6}% 36
\BOOKMARK [2][-]{subsection.6.1.1}{\376\377\000M\036\345\000c\000\040\000t\000i\000\352\000u\000\040\000t\000h\036\361\000c\000\040\000h\000i\036\307\000n}{section.6.1}% 37
\BOOKMARK [2][-]{subsection.6.1.2}{\376\377\000H\001\260\036\333\000n\000g\000\040\000d\036\253\000n\000\040\000s\036\355\000\040\000d\036\345\000n\000g\000\040\000h\036\307\000\040\000t\000h\036\321\000n\000g}{section.6.1}% 38
\BOOKMARK [2][-]{subsection.6.1.3}{\376\377\000C\000\364\000n\000g\000\040\000n\000g\000h\036\307\000\040\000s\036\355\000\040\000d\036\345\000n\000g}{section.6.1}% 39
\BOOKMARK [1][-]{section.6.2}{\376\377\000T\000h\000u\000\040\000t\000h\036\255\000p\000\040\000v\000\340\000\040\000x\036\355\000\040\000l\000\375\000\040\000d\036\357\000\040\000l\000i\036\307\000u}{chapter.6}% 40
\BOOKMARK [2][-]{subsection.6.2.1}{\376\377\000W\000e\000b\000\040\000C\000r\000a\000w\000l\000i\000n\000g}{section.6.2}% 41
\BOOKMARK [2][-]{subsection.6.2.2}{\376\377\000T\000i\036\301\000n\000\040\000x\036\355\000\040\000l\000\375\000\040\000d\036\357\000\040\000l\000i\036\307\000u}{section.6.2}% 42
\BOOKMARK [1][-]{section.6.3}{\376\377\000H\036\307\000\040\000t\000h\036\321\000n\000g\000\040\000T\000\354\000m\000\040\000k\000i\036\277\000m\000\040\000K\036\277\000t\000\040\000h\036\343\000p\000\040\000\050\000H\000y\000b\000r\000i\000d\000\040\000S\000e\000a\000r\000c\000h\000\051}{chapter.6}% 43
\BOOKMARK [2][-]{subsection.6.3.1}{\376\377\000T\000r\000u\000y\000\040\000x\000u\036\245\000t\000\040\000n\000g\036\357\000\040\000n\000g\000h\001\051\000a\000\040\000\050\000S\000e\000m\000a\000n\000t\000i\000c\000\040\000S\000e\000a\000r\000c\000h\000\051}{section.6.3}% 44
\BOOKMARK [2][-]{subsection.6.3.2}{\376\377\000T\000r\000u\000y\000\040\000x\000u\036\245\000t\000\040\000t\000h\000e\000o\000\040\000m\000\364\000\040\000h\000\354\000n\000h\000\040\000B\000M\0002\0005}{section.6.3}% 45
\BOOKMARK [2][-]{subsection.6.3.3}{\376\377\000C\001\241\000\040\000c\000h\036\277\000\040\000k\036\277\000t\000\040\000h\036\343\000p\000\040\001\021\000i\036\303\000m\000\040\000s\036\321}{section.6.3}% 46
\BOOKMARK [2][-]{subsection.6.3.4}{\376\377\000C\000\341\000c\000\040\000t\000\355\000n\000h\000\040\000n\001\003\000n\000g\000\040\000k\000h\000\341\000c}{section.6.3}% 47
\BOOKMARK [1][-]{section.6.4}{\376\377\000K\036\277\000t\000\040\000q\000u\036\243\000\040\000v\000\340\000\040\001\021\000\341\000n\000h\000\040\000g\000i\000\341}{chapter.6}% 48
\BOOKMARK [2][-]{subsection.6.4.1}{\376\377\000V\000\355\000\040\000d\036\345\000\040\000t\000r\000u\000y\000\040\000v\036\245\000n\000\040\000v\000\340\000\040\000k\036\277\000t\000\040\000q\000u\036\243\000\040\000s\000i\000n\000h\000\040\000p\000h\036\243\000n\000\040\000h\036\323\000i}{section.6.4}% 49
\BOOKMARK [2][-]{subsection.6.4.2}{\376\377\000N\000h\036\255\000n\000\040\000x\000\351\000t\000\040\000v\000\340\000\040\001\021\036\313\000n\000h\000\040\000h\001\260\036\333\000n\000g\000\040\000p\000h\000\341\000t\000\040\000t\000r\000i\036\303\000n}{section.6.4}% 50
