This is LuaHBTeX, Version 1.22.0 (TeX Live 2026/dev/Arch Linux)  (format=lualatex 2025.6.22)  24 JUN 2025 15:08
 restricted system commands enabled.
 file:line:error style messages enabled.
**/home/variphx/ir-reports/main.tex
(/home/variphx/ir-reports/main.tex
LaTeX2e <2024-11-01> patch level 2
L3 programming layer <2025-01-18>
Lua module: luaotfload 2024-12-03 v3.29 Lua based OpenType font support
Lua module: lualibs 2023-07-13 v2.76 ConTeXt Lua standard libraries.
Lua module: lualibs-extended 2023-07-13 v2.76 ConTeXt Lua libraries -- extended collection.
luaotfload | conf : Root cache directory is "/home/variphx/.texlive/texmf-var/luatex-cache/generic/names".
luaotfload | init : Loading fontloader "fontloader-2023-12-28.lua" from kpse-resolved path "/usr/share/texmf-dist/tex/luatex/luaotfload/fontloader-2023-12-28.lua".
Lua-only attribute luaotfload@noligature = 1
luaotfload | init : Context OpenType loader version 3.134
Inserting `luaotfload.node_processor' in `pre_linebreak_filter'.
Inserting `luaotfload.node_processor' in `hpack_filter'.
Inserting `luaotfload.glyph_stream' in `glyph_stream_provider'.
Inserting `luaotfload.define_font' in `define_font'.
Lua-only attribute luaotfload_color_attribute = 2
luaotfload | conf : Root cache directory is "/home/variphx/.texlive/texmf-var/luatex-cache/generic/names".
Inserting `luaotfload.harf.strip_prefix' in `find_opentype_file'.
Inserting `luaotfload.harf.strip_prefix' in `find_truetype_file'.
Removing  `luaotfload.glyph_stream' from `glyph_stream_provider'.
Inserting `luaotfload.harf.glyphstream' in `glyph_stream_provider'.
Inserting `luaotfload.harf.finalize_vlist' in `post_linebreak_filter'.
Inserting `luaotfload.harf.finalize_hlist' in `hpack_filter'.
Inserting `luaotfload.cleanup_files' in `wrapup_run'.
Inserting `luaotfload.harf.finalize_unicode' in `finish_pdffile'.
Inserting `luaotfload.glyphinfo' in `glyph_info'.
Lua-only attribute luaotfload.letterspace_done = 3
Inserting `luaotfload.aux.set_sscale_dimens' in `luaotfload.patch_font'.
Inserting `luaotfload.aux.set_font_index' in `luaotfload.patch_font'.
Inserting `luaotfload.aux.patch_cambria_domh' in `luaotfload.patch_font'.
Inserting `luaotfload.aux.fixup_fontdata' in `luaotfload.patch_font_unsafe'.
Inserting `luaotfload.aux.set_capheight' in `luaotfload.patch_font'.
Inserting `luaotfload.aux.set_xheight' in `luaotfload.patch_font'.
Inserting `luaotfload.rewrite_fontname' in `luaotfload.patch_font'.
Inserting `tracingstacklevels' in `input_level_string'. (/usr/share/texmf-dist/tex/latex/base/report.cls
Document Class: report 2024/06/29 v1.4n Standard LaTeX document class
(/usr/share/texmf-dist/tex/latex/base/size12.clo
File: size12.clo 2024/06/29 v1.4n Standard LaTeX file (size option)
luaotfload | db : Font names database loaded from /home/variphx/.texlive/texmf-var/luatex-cache/generic/names/luaotfload-names.luc.gz)
\c@part=\count194
\c@chapter=\count195
\c@section=\count196
\c@subsection=\count197
\c@subsubsection=\count198
\c@paragraph=\count199
\c@subparagraph=\count266
\c@figure=\count267
\c@table=\count268
\abovecaptionskip=\skip49
\belowcaptionskip=\skip50
\bibindent=\dimen140
) (/usr/share/texmf-dist/tex/latex/geometry/geometry.sty
Package: geometry 2020/01/02 v5.9 Page Geometry
 (/usr/share/texmf-dist/tex/latex/graphics/keyval.sty
Package: keyval 2022/05/29 v1.15 key=value parser (DPC)
\KV@toks@=\toks17
) (/usr/share/texmf-dist/tex/generic/iftex/ifvtex.sty
Package: ifvtex 2019/10/25 v1.7 ifvtex legacy package. Use iftex instead.
 (/usr/share/texmf-dist/tex/generic/iftex/iftex.sty
Package: iftex 2024/12/12 v1.0g TeX engine tests
))
\Gm@cnth=\count269
\Gm@cntv=\count270
\c@Gm@tempcnt=\count271
\Gm@bindingoffset=\dimen141
\Gm@wd@mp=\dimen142
\Gm@odd@mp=\dimen143
\Gm@even@mp=\dimen144
\Gm@layoutwidth=\dimen145
\Gm@layoutheight=\dimen146
\Gm@layouthoffset=\dimen147
\Gm@layoutvoffset=\dimen148
\Gm@dimlist=\toks18
) (/usr/share/texmf-dist/tex/latex/mlmodern/mlmodern.sty
Package: mlmodern 2021/01/12 v1.1 Modified Latin Modern Fonts
LaTeX Font Info:    Overwriting symbol font `operators' in version `normal'
(Font)                  OT1/cmr/m/n --> OT1/mlmr/m/n on input line 27.
LaTeX Font Info:    Overwriting symbol font `letters' in version `normal'
(Font)                  OML/cmm/m/it --> OML/mlmm/m/it on input line 28.
LaTeX Font Info:    Overwriting symbol font `symbols' in version `normal'
(Font)                  OMS/cmsy/m/n --> OMS/mlmsy/m/n on input line 29.
LaTeX Font Info:    Overwriting symbol font `largesymbols' in version `normal'
(Font)                  OMX/cmex/m/n --> OMX/mlmex/m/n on input line 30.
LaTeX Font Info:    Overwriting symbol font `operators' in version `bold'
(Font)                  OT1/cmr/bx/n --> OT1/mlmr/bx/n on input line 31.
LaTeX Font Info:    Overwriting symbol font `letters' in version `bold'
(Font)                  OML/cmm/b/it --> OML/mlmm/b/it on input line 32.
LaTeX Font Info:    Overwriting symbol font `symbols' in version `bold'
(Font)                  OMS/cmsy/b/n --> OMS/mlmsy/b/n on input line 33.
LaTeX Font Info:    Overwriting symbol font `largesymbols' in version `bold'
(Font)                  OMX/cmex/m/n --> OMX/mlmex/m/n on input line 34.
LaTeX Font Info:    Overwriting math alphabet `\mathbf' in version `normal'
(Font)                  OT1/cmr/bx/n --> OT1/mlmr/bx/n on input line 36.
LaTeX Font Info:    Overwriting math alphabet `\mathsf' in version `normal'
(Font)                  OT1/cmss/m/n --> OT1/mlmss/m/n on input line 37.
LaTeX Font Info:    Overwriting math alphabet `\mathit' in version `normal'
(Font)                  OT1/cmr/m/it --> OT1/mlmr/m/it on input line 38.
LaTeX Font Info:    Overwriting math alphabet `\mathtt' in version `normal'
(Font)                  OT1/cmtt/m/n --> OT1/mlmtt/m/n on input line 39.
LaTeX Font Info:    Overwriting math alphabet `\mathbf' in version `bold'
(Font)                  OT1/cmr/bx/n --> OT1/mlmr/bx/n on input line 40.
LaTeX Font Info:    Overwriting math alphabet `\mathsf' in version `bold'
(Font)                  OT1/cmss/bx/n --> OT1/mlmss/bx/n on input line 41.
LaTeX Font Info:    Overwriting math alphabet `\mathit' in version `bold'
(Font)                  OT1/cmr/bx/it --> OT1/mlmr/bx/it on input line 42.
LaTeX Font Info:    Overwriting math alphabet `\mathtt' in version `bold'
(Font)                  OT1/cmtt/m/n --> OT1/mlmtt/m/n on input line 43.
) (/usr/share/texmf-dist/tex/latex/amsmath/amsmath.sty
Package: amsmath 2024/11/05 v2.17t AMS math features
\@mathmargin=\skip51

For additional information on amsmath, use the `?' option.
(/usr/share/texmf-dist/tex/latex/amsmath/amstext.sty
Package: amstext 2021/08/26 v2.01 AMS text
 (/usr/share/texmf-dist/tex/latex/amsmath/amsgen.sty
File: amsgen.sty 1999/11/30 v2.0 generic functions
\@emptytoks=\toks19
\ex@=\dimen149
)) (/usr/share/texmf-dist/tex/latex/amsmath/amsbsy.sty
Package: amsbsy 1999/11/29 v1.2d Bold Symbols
\pmbraise@=\dimen150
) (/usr/share/texmf-dist/tex/latex/amsmath/amsopn.sty
Package: amsopn 2022/04/08 v2.04 operator names
)
\inf@bad=\count272
LaTeX Info: Redefining \frac on input line 235.
\uproot@=\count273
\leftroot@=\count274
LaTeX Info: Redefining \overline on input line 398.
LaTeX Info: Redefining \colon on input line 409.
\classnum@=\count275
\DOTSCASE@=\count276
LaTeX Info: Redefining \ldots on input line 495.
LaTeX Info: Redefining \dots on input line 498.
LaTeX Info: Redefining \cdots on input line 619.
\Mathstrutbox@=\box52
\strutbox@=\box53
LaTeX Info: Redefining \big on input line 721.
LaTeX Info: Redefining \Big on input line 722.
LaTeX Info: Redefining \bigg on input line 723.
LaTeX Info: Redefining \Bigg on input line 724.
\big@size=\dimen151
LaTeX Font Info:    Redeclaring font encoding OML on input line 742.
LaTeX Font Info:    Redeclaring font encoding OMS on input line 743.
\macc@depth=\count277
LaTeX Info: Redefining \bmod on input line 904.
LaTeX Info: Redefining \pmod on input line 909.
LaTeX Info: Redefining \smash on input line 939.
LaTeX Info: Redefining \relbar on input line 969.
LaTeX Info: Redefining \Relbar on input line 970.
\c@MaxMatrixCols=\count278
\dotsspace@=\muskip17
\c@parentequation=\count279
\dspbrk@lvl=\count280
\tag@help=\toks20
\row@=\count281
\column@=\count282
\maxfields@=\count283
\andhelp@=\toks21
\eqnshift@=\dimen152
\alignsep@=\dimen153
\tagshift@=\dimen154
\tagwidth@=\dimen155
\totwidth@=\dimen156
\lineht@=\dimen157
\@envbody=\toks22
\multlinegap=\skip52
\multlinetaggap=\skip53
\mathdisplay@stack=\toks23
LaTeX Info: Redefining \[ on input line 2953.
LaTeX Info: Redefining \] on input line 2954.
) (/usr/share/texmf-dist/tex/latex/amsfonts/amssymb.sty
Package: amssymb 2013/01/14 v3.01 AMS font symbols
 (/usr/share/texmf-dist/tex/latex/amsfonts/amsfonts.sty
Package: amsfonts 2013/01/14 v3.01 Basic AMSFonts support
\symAMSa=\mathgroup4
\symAMSb=\mathgroup5
LaTeX Font Info:    Redeclaring math symbol \hbar on input line 98.
LaTeX Font Info:    Overwriting math alphabet `\mathfrak' in version `bold'
(Font)                  U/euf/m/n --> U/euf/b/n on input line 106.
)) (/usr/share/texmf-dist/tex/latex/setspace/setspace.sty
Package: setspace 2022/12/04 v6.7b set line spacing
) (/usr/share/texmf-dist/tex/latex/hyphenat/hyphenat.sty
Package: hyphenat 2009/09/02 v2.3c hyphenation utilities
\langwohyphens=\language2
LaTeX Info: Redefining \_ on input line 43.
) (/usr/share/texmf-dist/tex/latex/booktabs/booktabs.sty
Package: booktabs 2020/01/12 v1.61803398 Publication quality tables
\heavyrulewidth=\dimen158
\lightrulewidth=\dimen159
\cmidrulewidth=\dimen160
\belowrulesep=\dimen161
\belowbottomsep=\dimen162
\aboverulesep=\dimen163
\abovetopsep=\dimen164
\cmidrulesep=\dimen165
\cmidrulekern=\dimen166
\defaultaddspace=\dimen167
\@cmidla=\count284
\@cmidlb=\count285
\@aboverulesep=\dimen168
\@belowrulesep=\dimen169
\@thisruleclass=\count286
\@lastruleclass=\count287
\@thisrulewidth=\dimen170
) (/usr/share/texmf-dist/tex/latex/graphics/graphicx.sty
Package: graphicx 2021/09/16 v1.2d Enhanced LaTeX Graphics (DPC,SPQR)
 (/usr/share/texmf-dist/tex/latex/graphics/graphics.sty
Package: graphics 2024/08/06 v1.4g Standard LaTeX Graphics (DPC,SPQR)
 (/usr/share/texmf-dist/tex/latex/graphics/trig.sty
Package: trig 2023/12/02 v1.11 sin cos tan (DPC)
) (/usr/share/texmf-dist/tex/latex/graphics-cfg/graphics.cfg
File: graphics.cfg 2016/06/04 v1.11 sample graphics configuration
)
Package graphics Info: Driver file: luatex.def on input line 106.
 (/usr/share/texmf-dist/tex/latex/graphics-def/luatex.def
File: luatex.def 2024/04/13 v1.2e Graphics/color driver for luatex
))
\Gin@req@height=\dimen171
\Gin@req@width=\dimen172
) (/usr/share/texmf-dist/tex/latex/multirow/multirow.sty
Package: multirow 2024/11/12 v2.9 Span multiple rows of a table
\multirow@colwidth=\skip54
\multirow@cntb=\count288
\multirow@dima=\skip55
\bigstrutjot=\dimen173
) (/usr/share/texmf-dist/tex/latex/tools/tabularx.sty
Package: tabularx 2023/12/11 v2.12a `tabularx' package (DPC)
 (/usr/share/texmf-dist/tex/latex/tools/array.sty
Package: array 2024/10/17 v2.6g Tabular extension package (FMi)
\col@sep=\dimen174
\ar@mcellbox=\box54
\extrarowheight=\dimen175
\NC@list=\toks24
\extratabsurround=\skip56
\backup@length=\skip57
\ar@cellbox=\box55
)
\TX@col@width=\dimen176
\TX@old@table=\dimen177
\TX@old@col=\dimen178
\TX@target=\dimen179
\TX@delta=\dimen180
\TX@cols=\count289
\TX@ftn=\toks25
) (/usr/share/texmf-dist/tex/latex/tabulary/tabulary.sty
Package: tabulary 2024/06/04 v0.11 tabulary package (DPC)
\TY@count=\count290
\TY@linewidth=\dimen181
\tymin=\dimen182
\tymax=\dimen183
\TY@tablewidth=\dimen184
) (/usr/share/texmf-dist/tex/latex/tabularray/tabularray.sty (/usr/share/texmf-dist/tex/latex/l3kernel/expl3.sty
Package: expl3 2025-01-18 L3 programming layer (loader) 
 (/usr/share/texmf-dist/tex/latex/l3backend/l3backend-luatex.def
File: l3backend-luatex.def 2024-05-08 L3 backend support: PDF output (LuaTeX)
\l__color_backend_stack_int=\count291
Inserting `l3color' in `luaotfload.parse_color'.
\l__pdf_internal_box=\box56
))
Package: tabularray 2024-02-16 v2024A Typeset tabulars and arrays with LaTeX3
\l__tblr_a_int=\count292
\l__tblr_c_int=\count293
\l__tblr_r_int=\count294
\l__tblr_d_dim=\dimen185
\l__tblr_h_dim=\dimen186
\l__tblr_o_dim=\dimen187
\l__tblr_p_dim=\dimen188
\l__tblr_q_dim=\dimen189
\l__tblr_r_dim=\dimen190
\l__tblr_s_dim=\dimen191
\l__tblr_t_dim=\dimen192
\l__tblr_v_dim=\dimen193
\l__tblr_w_dim=\dimen194
\l__tblr_a_box=\box57
\l__tblr_b_box=\box58
\l__tblr_c_box=\box59
\l__tblr_d_box=\box60
\g__tblr_table_count_int=\count295
\c@rownum=\count296
\c@colnum=\count297
\c@rowcount=\count298
\c@colcount=\count299
\abovesep=\dimen195
\belowsep=\dimen196
\leftsep=\dimen197
\rightsep=\dimen198
\g_tblr_level_int=\count300
\g__tblr_data_row_key_count_int=\count301
\g__tblr_data_column_key_count_int=\count302
\g__tblr_data_cell_key_count_int=\count303
\g__tblr_array_int=\count304
\l__tblr_key_count_int=\count305
\l__tblr_key_quotient_int=\count306
\l__tblr_key_quotient_two_int=\count307
\l__tblr_key_remainder_int=\count308
\g__tblr_data_str_value_count_int=\count309
\rulewidth=\dimen199
\l__tblr_strut_dp_dim=\dimen256
\l__tblr_strut_ht_dim=\dimen257
\g__tblr_cell_wd_dim=\dimen258
\g__tblr_cell_ht_dim=\dimen259
\g__tblr_cell_head_dim=\dimen260
\g__tblr_cell_foot_dim=\dimen261
\l__column_target_dim=\dimen262
\l__tblr_caption_box=\box61
\l__tblr_caption_left_box=\box62
\l__tblr_row_head_box=\box63
\l__tblr_row_foot_box=\box64
\l__tblr_row_head_foot_dim=\dimen263
\tablewidth=\dimen264
\l__tblr_table_firsthead_box=\box65
\l__tblr_table_middlehead_box=\box66
\l__tblr_table_lasthead_box=\box67
\l__tblr_table_firstfoot_box=\box68
\l__tblr_table_middlefoot_box=\box69
\l__tblr_table_lastfoot_box=\box70
\l__tblr_remain_height_dim=\dimen265
\l__tblr_long_from_int=\count310
\l__tblr_long_to_int=\count311
\l__tblr_curr_i_int=\count312
\l__tblr_prev_i_int=\count313
\l__tblr_table_page_int=\count314
\l__tblr_table_head_box=\box71
\l__tblr_table_foot_box=\box72
\l__tblr_table_head_foot_dim=\dimen266
\l__tblr_table_head_body_foot_dim=\dimen267
\l__tblr_table_box=\box73
\l__tblr_table_hlines_box=\box74
\l__tblr_hline_box=\box75
\l__tblr_row_box=\box76
\l__tblr_col_o_wd_dim=\dimen268
\l__tblr_col_b_wd_dim=\dimen269
\l__tblr_hline_leftskip_dim=\dimen270
\l__tblr_hline_rightskip_dim=\dimen271
\l__tblr_row_ht_dim=\dimen272
\l__tblr_row_dp_dim=\dimen273
\l__tblr_row_abovesep_dim=\dimen274
\l__tblr_row_belowsep_dim=\dimen275
\l__tblr_row_vlines_box=\box77
\l__tblr_vline_box=\box78
\l__tblr_cell_box=\box79
\l__row_upper_dim=\dimen276
\l__row_lower_dim=\dimen277
\l__row_vpace_dim=\dimen278
\l__tblr_vline_aboveskip_dim=\dimen279
\l__tblr_vline_belowskip_dim=\dimen280
\l__tblr_cell_wd_dim=\dimen281
\l__tblr_cell_ht_dim=\dimen282
\l__tblr_diag_box=\box80
) (/usr/share/texmf-dist/tex/latex/float/float.sty
Package: float 2001/11/08 v1.3d Float enhancements (AL)
\c@float@type=\count315
\float@exts=\toks26
\float@box=\box81
\@float@everytoks=\toks27
\@floatcapt=\box82
) (/usr/share/texmf-dist/tex/latex/lipsum/lipsum.sty (/usr/share/texmf-dist/tex/latex/l3packages/l3keys2e/l3keys2e.sty
Package: l3keys2e 2024-08-16 LaTeX2e option processing using LaTeX3 keys
)
Package: lipsum 2021-09-20 v2.7 150 paragraphs of Lorem Ipsum dummy text
\g__lipsum_par_int=\count316
\l__lipsum_a_int=\count317
\l__lipsum_b_int=\count318
 (/usr/share/texmf-dist/tex/latex/lipsum/lipsum.ltd.tex)) (/usr/share/texmf-dist/tex/latex/polyglossia/polyglossia.sty
Package: polyglossia 2025/01/31 v2.4 Modern multilingual typesetting with XeLaTeX and LuaLaTeX
 (/usr/share/texmf-dist/tex/latex/etoolbox/etoolbox.sty
Package: etoolbox 2025/02/11 v2.5l e-TeX tools for LaTeX (JAW)
\etb@tempcnta=\count319
) (/usr/share/texmf-dist/tex/latex/fontspec/fontspec.sty (/usr/share/texmf-dist/tex/latex/l3packages/xparse/xparse.sty
Package: xparse 2024-08-16 L3 Experimental document command parser
)
Package: fontspec 2024/05/11 v2.9e Font selection for XeLaTeX and LuaLaTeX
Lua module: fontspec 2024/05/11 v2.9e Font selection for XeLaTeX and LuaLaTeX (/usr/share/texmf-dist/tex/latex/fontspec/fontspec-luatex.sty
Package: fontspec-luatex 2024/05/11 v2.9e Font selection for XeLaTeX and LuaLaTeX
\l__fontspec_script_int=\count320
\l__fontspec_language_int=\count321
\l__fontspec_strnum_int=\count322
\l__fontspec_tmp_int=\count323
\l__fontspec_tmpa_int=\count324
\l__fontspec_tmpb_int=\count325
\l__fontspec_tmpc_int=\count326
\l__fontspec_em_int=\count327
\l__fontspec_emdef_int=\count328
\l__fontspec_strong_int=\count329
\l__fontspec_strongdef_int=\count330
\l__fontspec_tmpa_dim=\dimen283
\l__fontspec_tmpb_dim=\dimen284
\l__fontspec_tmpc_dim=\dimen285
 (/usr/share/texmf-dist/tex/latex/base/fontenc.sty
Package: fontenc 2021/04/29 v2.0v Standard LaTeX package
) (/usr/share/texmf-dist/tex/latex/fontspec/fontspec.cfg)))
Lua module: polyglossia 2013/05/11 v1.3 Polyglossia
\l_xpg_alias_keyvals_int=\count331
 (/usr/share/texmf-dist/tex/latex/polyglossia/gloss-latex.ldf
File: gloss-latex.ldf polyglossia: module for default language
)

Package polyglossia Info: Setting LuaTeX font renderer to Harfbuzz

) (/usr/share/texmf-dist/tex/latex/polyglossia/gloss-vietnamese.ldf
File: gloss-vietnamese.ldf polyglossia: module for Vietnamese
)

Package polyglossia Info: Default language is vietnamese

 (/usr/share/texmf-dist/tex/latex/polyglossia/gloss-english.ldf
File: gloss-english.ldf polyglossia: module for English
) (/usr/share/texmf-dist/tex/latex/polyglossia/gloss-latin.ldf
File: gloss-latin.ldf polyglossia: module for Latin
Module polyglossia Info: Language data for latin
(polyglossia)            hyphenation	
(polyglossia)            lefthyphenmin	2
(polyglossia)            loader	loadhyph-la.tex
(polyglossia)            patterns	hyph-la.pat.txt
(polyglossia)            righthyphenmin	2
(polyglossia)            synonyms	 on input line 15
Module polyglossia Info: Language latin was not yet loaded; created with id 3 on input line 15
Lua-only attribute polyglossia_punct = 4
Inserting `polyglossia-punct.process' in `pre_shaping_filter'.

Package polyglossia Info: Activating Latin language variant "modern" on line
(polyglossia)             585.


Package polyglossia Info: Activating hyphenation patterns for modern Latin on
(polyglossia)             line 585.


Package polyglossia Info: Activating Latin language variant "modern" on line
(polyglossia)             590.


Package polyglossia Info: Activating hyphenation patterns for modern Latin on
(polyglossia)             line 590.

 (/usr/share/texmf-dist/tex/latex/polyglossia/babelsh.def
File: babelsh.def 2022/06/21 Babel common definitions for shorthands
 Taken verbatim from babel files (2022/06/06 v3.76)
)
Package babel Info: Making " an active character on input line 597.
Package babel Info: Making ' an active character on input line 598.
Package babel Info: Making ^ an active character on input line 599.
Package babel Info: Making = an active character on input line 600.
)

Package polyglossia Info: Activating Latin language variant "modern" on line
(polyglossia)             22.


Package polyglossia Info: Activating hyphenation patterns for modern Latin on
(polyglossia)             line 22.

 (/usr/share/texmf-dist/tex/latex/hyperref/hyperref.sty
Package: hyperref 2024-11-05 v7.01l Hypertext links for LaTeX
 (/usr/share/texmf-dist/tex/latex/kvsetkeys/kvsetkeys.sty
Package: kvsetkeys 2022-10-05 v1.19 Key value parser (HO)
) (/usr/share/texmf-dist/tex/generic/kvdefinekeys/kvdefinekeys.sty
Package: kvdefinekeys 2019-12-19 v1.6 Define keys (HO)
) (/usr/share/texmf-dist/tex/generic/pdfescape/pdfescape.sty
Package: pdfescape 2019/12/09 v1.15 Implements pdfTeX's escape features (HO)
 (/usr/share/texmf-dist/tex/generic/ltxcmds/ltxcmds.sty
Package: ltxcmds 2023-12-04 v1.26 LaTeX kernel commands for general use (HO)
) (/usr/share/texmf-dist/tex/generic/pdftexcmds/pdftexcmds.sty
Package: pdftexcmds 2020-06-27 v0.33 Utility functions of pdfTeX for LuaTeX (HO)
 (/usr/share/texmf-dist/tex/generic/infwarerr/infwarerr.sty
Package: infwarerr 2019/12/03 v1.5 Providing info/warning/error messages (HO)
)
Package pdftexcmds Info: \pdf@primitive is available.
Package pdftexcmds Info: \pdf@ifprimitive is available.
Package pdftexcmds Info: \pdfdraftmode found.
\pdftexcmds@toks=\toks28
)) (/usr/share/texmf-dist/tex/latex/hycolor/hycolor.sty
Package: hycolor 2020-01-27 v1.10 Color options for hyperref/bookmark (HO)
) (/usr/share/texmf-dist/tex/latex/hyperref/nameref.sty
Package: nameref 2023-11-26 v2.56 Cross-referencing by name of section
 (/usr/share/texmf-dist/tex/latex/refcount/refcount.sty
Package: refcount 2019/12/15 v3.6 Data extraction from label references (HO)
) (/usr/share/texmf-dist/tex/generic/gettitlestring/gettitlestring.sty
Package: gettitlestring 2019/12/15 v1.6 Cleanup title references (HO)
 (/usr/share/texmf-dist/tex/latex/kvoptions/kvoptions.sty
Package: kvoptions 2022-06-15 v3.15 Key value format for package options (HO)
))
\c@section@level=\count332
) (/usr/share/texmf-dist/tex/generic/stringenc/stringenc.sty
Package: stringenc 2019/11/29 v1.12 Convert strings between diff. encodings (HO)
)
\@linkdim=\dimen286
\Hy@linkcounter=\count333
\Hy@pagecounter=\count334
 (/usr/share/texmf-dist/tex/latex/hyperref/pd1enc.def
File: pd1enc.def 2024-11-05 v7.01l Hyperref: PDFDocEncoding definition (HO)
) (/usr/share/texmf-dist/tex/generic/intcalc/intcalc.sty
Package: intcalc 2019/12/15 v1.3 Expandable calculations with integers (HO)
)
\Hy@SavedSpaceFactor=\count335
 (/usr/share/texmf-dist/tex/latex/hyperref/puenc.def
File: puenc.def 2024-11-05 v7.01l Hyperref: PDF Unicode definition (HO)
)
Package hyperref Info: Hyper figures OFF on input line 4157.
Package hyperref Info: Link nesting OFF on input line 4162.
Package hyperref Info: Hyper index ON on input line 4165.
Package hyperref Info: Plain pages OFF on input line 4172.
Package hyperref Info: Backreferencing OFF on input line 4177.
Package hyperref Info: Implicit mode ON; LaTeX internals redefined.
Package hyperref Info: Bookmarks ON on input line 4424.
\c@Hy@tempcnt=\count336
 (/usr/share/texmf-dist/tex/latex/url/url.sty
\Urlmuskip=\muskip18
Package: url 2013/09/16  ver 3.4  Verb mode for urls, etc.
)
LaTeX Info: Redefining \url on input line 4763.
\XeTeXLinkMargin=\dimen287
 (/usr/share/texmf-dist/tex/generic/bitset/bitset.sty
Package: bitset 2019/12/09 v1.3 Handle bit-vector datatype (HO)
 (/usr/share/texmf-dist/tex/generic/bigintcalc/bigintcalc.sty
Package: bigintcalc 2019/12/15 v1.5 Expandable calculations on big integers (HO)
))
\Fld@menulength=\count337
\Field@Width=\dimen288
\Fld@charsize=\dimen289
Package hyperref Info: Hyper figures OFF on input line 6042.
Package hyperref Info: Link nesting OFF on input line 6047.
Package hyperref Info: Hyper index ON on input line 6050.
Package hyperref Info: backreferencing OFF on input line 6057.
Package hyperref Info: Link coloring OFF on input line 6062.
Package hyperref Info: Link coloring with OCG OFF on input line 6067.
Package hyperref Info: PDF/A mode OFF on input line 6072.
 (/usr/share/texmf-dist/tex/latex/base/atbegshi-ltx.sty
Package: atbegshi-ltx 2021/01/10 v1.0c Emulation of the original atbegshi
package with kernel methods
)
\Hy@abspage=\count338
\c@Item=\count339
\c@Hfootnote=\count340
)
Package hyperref Info: Driver (autodetected): hluatex.
 (/usr/share/texmf-dist/tex/latex/hyperref/hluatex.def
File: hluatex.def 2024-11-05 v7.01l Hyperref driver for luaTeX
 (/usr/share/texmf-dist/tex/latex/base/atveryend-ltx.sty
Package: atveryend-ltx 2020/08/19 v1.0a Emulation of the original atveryend package
with kernel methods
)
\Fld@listcount=\count341
\c@bookmark@seq@number=\count342
 (/usr/share/texmf-dist/tex/latex/rerunfilecheck/rerunfilecheck.sty
Package: rerunfilecheck 2022-07-10 v1.10 Rerun checks for auxiliary files (HO)
 (/usr/share/texmf-dist/tex/generic/uniquecounter/uniquecounter.sty
Package: uniquecounter 2019/12/15 v1.4 Provide unlimited unique counter (HO)
)
Package uniquecounter Info: New unique counter `rerunfilecheck' on input line 285.
)
\Hy@SectionHShift=\skip58
)
Package hyperref Info: Option `colorlinks' set `true' on input line 30.
 (/usr/share/texmf-dist/tex/latex/biblatex/biblatex.sty
Package: biblatex 2024/03/21 v3.20 programmable bibliographies (PK/MW)
 (/usr/share/texmf-dist/tex/latex/logreq/logreq.sty
Package: logreq 2010/08/04 v1.0 xml request logger
\lrq@indent=\count343
 (/usr/share/texmf-dist/tex/latex/logreq/logreq.def
File: logreq.def 2010/08/04 v1.0 logreq spec v1.0
)) (/usr/share/texmf-dist/tex/latex/base/ifthen.sty
Package: ifthen 2024/03/16 v1.1e Standard LaTeX ifthen package (DPC)
)
\c@tabx@nest=\count344
\c@listtotal=\count345
\c@listcount=\count346
\c@liststart=\count347
\c@liststop=\count348
\c@citecount=\count349
\c@citetotal=\count350
\c@multicitecount=\count351
\c@multicitetotal=\count352
\c@instcount=\count353
\c@maxnames=\count354
\c@minnames=\count355
\c@maxitems=\count356
\c@minitems=\count357
\c@citecounter=\count358
\c@maxcitecounter=\count359
\c@savedcitecounter=\count360
\c@uniquelist=\count361
\c@uniquename=\count362
\c@refsection=\count363
\c@refsegment=\count364
\c@maxextratitle=\count365
\c@maxextratitleyear=\count366
\c@maxextraname=\count367
\c@maxextradate=\count368
\c@maxextraalpha=\count369
\c@abbrvpenalty=\count370
\c@highnamepenalty=\count371
\c@lownamepenalty=\count372
\c@maxparens=\count373
\c@parenlevel=\count374
\blx@tempcnta=\count375
\blx@tempcntb=\count376
\blx@tempcntc=\count377
\c@blx@maxsection=\count378
\blx@maxsegment@0=\count379
\blx@notetype=\count380
\blx@parenlevel@text=\count381
\blx@parenlevel@foot=\count382
\blx@sectionciteorder@0=\count383
\blx@sectionciteorderinternal@0=\count384
\blx@entrysetcounter=\count385
\blx@biblioinstance=\count386
\labelnumberwidth=\skip59
\labelalphawidth=\skip60
\biblabelsep=\skip61
\bibitemsep=\skip62
\bibnamesep=\skip63
\bibinitsep=\skip64
\bibparsep=\skip65
\bibhang=\skip66
\blx@bcfin=\read2
\blx@bcfout=\write3
\blx@langwohyphens=\language4
\c@mincomprange=\count387
\c@maxcomprange=\count388
\c@mincompwidth=\count389
Package biblatex Info: Trying to load biblatex default data model...
Package biblatex Info: ... file 'blx-dm.def' found.
 (/usr/share/texmf-dist/tex/latex/biblatex/blx-dm.def
File: blx-dm.def 2024/03/21 v3.20 biblatex datamodel (PK/MW)
)
Package biblatex Info: Trying to load biblatex style data model...
Package biblatex Info: ... file 'numeric.dbx' not found.
Package biblatex Info: Trying to load biblatex custom data model...
Package biblatex Info: ... file 'biblatex-dm.cfg' not found.
\c@afterword=\count390
\c@savedafterword=\count391
\c@annotator=\count392
\c@savedannotator=\count393
\c@author=\count394
\c@savedauthor=\count395
\c@bookauthor=\count396
\c@savedbookauthor=\count397
\c@commentator=\count398
\c@savedcommentator=\count399
\c@editor=\count400
\c@savededitor=\count401
\c@editora=\count402
\c@savededitora=\count403
\c@editorb=\count404
\c@savededitorb=\count405
\c@editorc=\count406
\c@savededitorc=\count407
\c@foreword=\count408
\c@savedforeword=\count409
\c@holder=\count410
\c@savedholder=\count411
\c@introduction=\count412
\c@savedintroduction=\count413
\c@namea=\count414
\c@savednamea=\count415
\c@nameb=\count416
\c@savednameb=\count417
\c@namec=\count418
\c@savednamec=\count419
\c@translator=\count420
\c@savedtranslator=\count421
\c@shortauthor=\count422
\c@savedshortauthor=\count423
\c@shorteditor=\count424
\c@savedshorteditor=\count425
\c@labelname=\count426
\c@savedlabelname=\count427
\c@institution=\count428
\c@savedinstitution=\count429
\c@lista=\count430
\c@savedlista=\count431
\c@listb=\count432
\c@savedlistb=\count433
\c@listc=\count434
\c@savedlistc=\count435
\c@listd=\count436
\c@savedlistd=\count437
\c@liste=\count438
\c@savedliste=\count439
\c@listf=\count440
\c@savedlistf=\count441
\c@location=\count442
\c@savedlocation=\count443
\c@organization=\count444
\c@savedorganization=\count445
\c@origlocation=\count446
\c@savedoriglocation=\count447
\c@origpublisher=\count448
\c@savedorigpublisher=\count449
\c@publisher=\count450
\c@savedpublisher=\count451
\c@language=\count452
\c@savedlanguage=\count453
\c@origlanguage=\count454
\c@savedoriglanguage=\count455
\c@pageref=\count456
\c@savedpageref=\count457
\shorthandwidth=\skip67
\shortjournalwidth=\skip68
\shortserieswidth=\skip69
\shorttitlewidth=\skip70
\shortauthorwidth=\skip71
\shorteditorwidth=\skip72
\locallabelnumberwidth=\skip73
\locallabelalphawidth=\skip74
\localshorthandwidth=\skip75
\localshortjournalwidth=\skip76
\localshortserieswidth=\skip77
\localshorttitlewidth=\skip78
\localshortauthorwidth=\skip79
\localshorteditorwidth=\skip80
Package biblatex Info: Trying to load enhanced support for Unicode engines...
Package biblatex Info: ... file 'blx-unicode.def' found.
 (/usr/share/texmf-dist/tex/latex/biblatex/blx-unicode.def)
Package biblatex Info: Trying to load compatibility code...
Package biblatex Info: ... file 'blx-compat.def' found.
 (/usr/share/texmf-dist/tex/latex/biblatex/blx-compat.def
File: blx-compat.def 2024/03/21 v3.20 biblatex compatibility (PK/MW)
)
Package biblatex Info: Trying to load generic definitions...
Package biblatex Info: ... file 'biblatex.def' found.
 (/usr/share/texmf-dist/tex/latex/biblatex/biblatex.def
File: biblatex.def 2024/03/21 v3.20 biblatex compatibility (PK/MW)
\c@textcitecount=\count458
\c@textcitetotal=\count459
\c@textcitemaxnames=\count460
\c@biburlbigbreakpenalty=\count461
\c@biburlbreakpenalty=\count462
\c@biburlnumpenalty=\count463
\c@biburlucpenalty=\count464
\c@biburllcpenalty=\count465
\biburlbigskip=\muskip19
\biburlnumskip=\muskip20
\biburlucskip=\muskip21
\biburllcskip=\muskip22
\c@smartand=\count466
)
Package biblatex Info: Trying to load bibliography style 'numeric'...
Package biblatex Info: ... file 'numeric.bbx' found.
 (/usr/share/texmf-dist/tex/latex/biblatex/bbx/numeric.bbx
File: numeric.bbx 2024/03/21 v3.20 biblatex bibliography style (PK/MW)
Package biblatex Info: Trying to load bibliography style 'standard'...
Package biblatex Info: ... file 'standard.bbx' found.
 (/usr/share/texmf-dist/tex/latex/biblatex/bbx/standard.bbx
File: standard.bbx 2024/03/21 v3.20 biblatex bibliography style (PK/MW)
\c@bbx:relatedcount=\count467
\c@bbx:relatedtotal=\count468
))
Package biblatex Info: Trying to load citation style 'numeric'...
Package biblatex Info: ... file 'numeric.cbx' found.
 (/usr/share/texmf-dist/tex/latex/biblatex/cbx/numeric.cbx
File: numeric.cbx 2024/03/21 v3.20 biblatex citation style (PK/MW)
Package biblatex Info: Redefining '\cite'.
Package biblatex Info: Redefining '\parencite'.
Package biblatex Info: Redefining '\footcite'.
Package biblatex Info: Redefining '\footcitetext'.
Package biblatex Info: Redefining '\smartcite'.
Package biblatex Info: Redefining '\supercite'.
Package biblatex Info: Redefining '\textcite'.
Package biblatex Info: Redefining '\textcites'.
Package biblatex Info: Redefining '\cites'.
Package biblatex Info: Redefining '\parencites'.
Package biblatex Info: Redefining '\smartcites'.
)
Package biblatex Info: Trying to load configuration file...
Package biblatex Info: ... file 'biblatex.cfg' found.
 (/usr/share/texmf-dist/tex/latex/biblatex/biblatex.cfg
File: biblatex.cfg 
)
Package biblatex Info: LuaTeX detected.
(biblatex)             Assuming input encoding 'utf8'.
Package biblatex Info: Document encoding is UTF8 ....
Package biblatex Info: ... and expl3
(biblatex)             2025-01-18 L3 programming layer (loader) 
(biblatex)             is new enough (at least 2020/04/06),
(biblatex)             setting 'casechanger=expl3'.
 (/usr/share/texmf-dist/tex/latex/biblatex/blx-case-expl3.sty
Package: blx-case-expl3 2024/03/21 v3.20 expl3 case changing code for biblatex
))
\@quotelevel=\count469
\@quotereset=\count470
 (./main.aux)
\openout1 = main.aux

LaTeX Font Info:    Checking defaults for OML/cmm/m/it on input line 35.
LaTeX Font Info:    ... okay on input line 35.
LaTeX Font Info:    Checking defaults for OMS/cmsy/m/n on input line 35.
LaTeX Font Info:    ... okay on input line 35.
LaTeX Font Info:    Checking defaults for OT1/cmr/m/n on input line 35.
LaTeX Font Info:    ... okay on input line 35.
LaTeX Font Info:    Checking defaults for T1/cmr/m/n on input line 35.
LaTeX Font Info:    ... okay on input line 35.
LaTeX Font Info:    Checking defaults for TS1/cmr/m/n on input line 35.
LaTeX Font Info:    ... okay on input line 35.
LaTeX Font Info:    Checking defaults for TU/lmr/m/n on input line 35.
LaTeX Font Info:    ... okay on input line 35.
LaTeX Font Info:    Checking defaults for OMX/cmex/m/n on input line 35.
LaTeX Font Info:    ... okay on input line 35.
LaTeX Font Info:    Checking defaults for U/cmr/m/n on input line 35.
LaTeX Font Info:    ... okay on input line 35.
LaTeX Font Info:    Checking defaults for PD1/pdf/m/n on input line 35.
LaTeX Font Info:    ... okay on input line 35.
LaTeX Font Info:    Checking defaults for PU/pdf/m/n on input line 35.
LaTeX Font Info:    ... okay on input line 35.

*geometry* driver: auto-detecting
*geometry* detected driver: luatex
*geometry* verbose mode - [ preamble ] result:
* driver: luatex
* paper: a4paper
* layout: <same size as paper>
* layoutoffset:(h,v)=(0.0pt,0.0pt)
* modes: 
* h-part:(L,W,R)=(71.13188pt, 455.24411pt, 71.13188pt)
* v-part:(T,H,B)=(71.13188pt, 702.78308pt, 71.13188pt)
* \paperwidth=597.50787pt
* \paperheight=845.04684pt
* \textwidth=455.24411pt
* \textheight=702.78308pt
* \oddsidemargin=-1.1381pt
* \evensidemargin=-1.1381pt
* \topmargin=-38.1381pt
* \headheight=12.0pt
* \headsep=25.0pt
* \topskip=12.0pt
* \footskip=30.0pt
* \marginparwidth=44.0pt
* \marginparsep=10.0pt
* \columnsep=10.0pt
* \skip\footins=10.8pt plus 4.0pt minus 2.0pt
* \hoffset=0.0pt
* \voffset=0.0pt
* \mag=1000
* \@twocolumnfalse
* \@twosidefalse
* \@mparswitchfalse
* \@reversemarginfalse
* (1in=72.27pt=25.4mm, 1cm=28.453pt)

(/usr/share/texmf-dist/tex/context/base/mkii/supp-pdf.mkii
[Loading MPS to PDF converter (version 2006.09.02).]
\scratchcounter=\count471
\scratchdimen=\dimen290
\scratchbox=\box83
\nofMPsegments=\count472
\nofMParguments=\count473
\everyMPshowfont=\toks29
\MPscratchCnt=\count474
\MPscratchDim=\dimen291
\MPnumerator=\count475
\makeMPintoPDFobject=\count476
\everyMPtoPDFconversion=\toks30
) (/usr/share/texmf-dist/tex/latex/epstopdf-pkg/epstopdf-base.sty
Package: epstopdf-base 2020-01-24 v2.11 Base part for package epstopdf
Package epstopdf-base Info: Redefining graphics rule for `.eps' on input line 485.
 (/usr/share/texmf-dist/tex/latex/latexconfig/epstopdf-sys.cfg
File: epstopdf-sys.cfg 2010/07/13 v1.3 Configuration of (r)epstopdf for TeX Live
))

Package fontspec Info: 
(fontspec)             Adjusting the maths setup (use [no-math] to avoid
(fontspec)             this).

\symlegacymaths=\mathgroup6
LaTeX Font Info:    Overwriting symbol font `legacymaths' in version `bold'
(Font)                  OT1/cmr/m/n --> OT1/cmr/bx/n on input line 35.
LaTeX Font Info:    Redeclaring math accent \acute on input line 35.
LaTeX Font Info:    Redeclaring math accent \grave on input line 35.
LaTeX Font Info:    Redeclaring math accent \ddot on input line 35.
LaTeX Font Info:    Redeclaring math accent \tilde on input line 35.
LaTeX Font Info:    Redeclaring math accent \bar on input line 35.
LaTeX Font Info:    Redeclaring math accent \breve on input line 35.
LaTeX Font Info:    Redeclaring math accent \check on input line 35.
LaTeX Font Info:    Redeclaring math accent \hat on input line 35.
LaTeX Font Info:    Redeclaring math accent \dot on input line 35.
LaTeX Font Info:    Redeclaring math accent \mathring on input line 35.
LaTeX Font Info:    Redeclaring math symbol \Gamma on input line 35.
LaTeX Font Info:    Redeclaring math symbol \Delta on input line 35.
LaTeX Font Info:    Redeclaring math symbol \Theta on input line 35.
LaTeX Font Info:    Redeclaring math symbol \Lambda on input line 35.
LaTeX Font Info:    Redeclaring math symbol \Xi on input line 35.
LaTeX Font Info:    Redeclaring math symbol \Pi on input line 35.
LaTeX Font Info:    Redeclaring math symbol \Sigma on input line 35.
LaTeX Font Info:    Redeclaring math symbol \Upsilon on input line 35.
LaTeX Font Info:    Redeclaring math symbol \Phi on input line 35.
LaTeX Font Info:    Redeclaring math symbol \Psi on input line 35.
LaTeX Font Info:    Redeclaring math symbol \Omega on input line 35.
LaTeX Font Info:    Redeclaring math symbol \mathdollar on input line 35.
LaTeX Font Info:    Redeclaring symbol font `operators' on input line 35.
LaTeX Font Info:    Encoding `OT1' has changed to `TU' for symbol font
(Font)              `operators' in the math version `normal' on input line 35.
LaTeX Font Info:    Overwriting symbol font `operators' in version `normal'
(Font)                  OT1/mlmr/m/n --> TU/lmr/m/n on input line 35.
LaTeX Font Info:    Encoding `OT1' has changed to `TU' for symbol font
(Font)              `operators' in the math version `bold' on input line 35.
LaTeX Font Info:    Overwriting symbol font `operators' in version `bold'
(Font)                  OT1/mlmr/bx/n --> TU/lmr/m/n on input line 35.
LaTeX Font Info:    Overwriting symbol font `operators' in version `normal'
(Font)                  TU/lmr/m/n --> TU/lmr/m/n on input line 35.
LaTeX Font Info:    Overwriting math alphabet `\mathit' in version `normal'
(Font)                  OT1/mlmr/m/it --> TU/lmr/m/it on input line 35.
LaTeX Font Info:    Overwriting math alphabet `\mathbf' in version `normal'
(Font)                  OT1/mlmr/bx/n --> TU/lmr/bx/n on input line 35.
LaTeX Font Info:    Overwriting math alphabet `\mathsf' in version `normal'
(Font)                  OT1/mlmss/m/n --> TU/lmss/m/n on input line 35.
LaTeX Font Info:    Overwriting math alphabet `\mathtt' in version `normal'
(Font)                  OT1/mlmtt/m/n --> TU/lmtt/m/n on input line 35.
LaTeX Font Info:    Overwriting symbol font `operators' in version `bold'
(Font)                  TU/lmr/m/n --> TU/lmr/bx/n on input line 35.
LaTeX Font Info:    Overwriting math alphabet `\mathit' in version `bold'
(Font)                  OT1/mlmr/bx/it --> TU/lmr/bx/it on input line 35.
LaTeX Font Info:    Overwriting math alphabet `\mathsf' in version `bold'
(Font)                  OT1/mlmss/bx/n --> TU/lmss/bx/n on input line 35.
LaTeX Font Info:    Overwriting math alphabet `\mathtt' in version `bold'
(Font)                  OT1/mlmtt/m/n --> TU/lmtt/bx/n on input line 35.
 (/usr/share/texmf-dist/tex/latex/graphics/color.sty
Package: color 2024/06/23 v1.3e Standard LaTeX Color (DPC)
 (/usr/share/texmf-dist/tex/latex/graphics-cfg/color.cfg
File: color.cfg 2016/01/02 v1.6 sample color configuration
)
Package color Info: Driver file: luatex.def on input line 149.
 (/usr/share/texmf-dist/tex/latex/graphics/mathcolor.ltx))
Package hyperref Info: Link coloring ON on input line 35.
 (./main.out) (./main.out)
\@outlinefile=\write4

\openout4 = main.out
Package biblatex Info: Trying to load language 'american'...
Package biblatex Info: ... file 'american.lbx' found.
 (/usr/share/texmf-dist/tex/latex/biblatex/lbx/american.lbx
File: american.lbx 2024/03/21 v3.20 biblatex localization (PK/MW)
Package biblatex Info: Trying to load language 'english'...
Package biblatex Info: ... file 'english.lbx' found.
 (/usr/share/texmf-dist/tex/latex/biblatex/lbx/english.lbx
File: english.lbx 2024/03/21 v3.20 biblatex localization (PK/MW)
)
Package biblatex Info: Trying to load language 'english'...
Package biblatex Info: ... file 'english.lbx' found.
 (/usr/share/texmf-dist/tex/latex/biblatex/lbx/english.lbx
File: english.lbx 2024/03/21 v3.20 biblatex localization (PK/MW)
))
Package biblatex Info: Trying to load language 'latin'...
Package biblatex Info: ... file 'latin.lbx' not found.


Package biblatex Warning: Language 'latin' not supported.
(biblatex)                Using dummy definitions on input line 35.

Package biblatex Info: Trying to load language 'vietnamese'...
Package biblatex Info: ... file 'vietnamese.lbx' not found.

Package biblatex Warning: Language 'vietnamese' not supported.
(biblatex)                Using dummy definitions on input line 35.

Package biblatex Info: LuaTeX detected.
(biblatex)             Assuming input encoding 'utf8'.
Package biblatex Info: Automatic encoding selection.
(biblatex)             Assuming data encoding 'utf8'.

\openout3 = main.bcf
Package biblatex Info: Trying to load bibliographic data...
Package biblatex Info: ... file 'main.bbl' found.
(./main.bbl)
Package biblatex Info: Reference section=0 on input line 35.
Package biblatex Info: Reference segment=0 on input line 35.
 (./src/titlepage.tex
Package epstopdf Info: Source file: <assets/uit_logo.eps>
(epstopdf)                    date: 2025-06-10 10:13:27
(epstopdf)                    size: 972702 bytes
(epstopdf)             Output file: <assets/uit_logo-eps-converted-to.pdf>
(epstopdf)                    date: 2025-06-10 10:34:24
(epstopdf)                    size: 26484 bytes
(epstopdf)             Command: <repstopdf --outfile=assets/uit_logo-eps-converted-to.pdf assets/uit_logo.eps>
(epstopdf)             \includegraphics on input line 15.
Package epstopdf Info: Output file is already uptodate.
<assets/uit_logo-eps-converted-to.pdf, id=225, 654.445pt x 528.97626pt>
File: assets/uit_logo-eps-converted-to.pdf Graphic file (type pdf)
<use assets/uit_logo-eps-converted-to.pdf>
Package luatex.def Info: assets/uit_logo-eps-converted-to.pdf  used on input line 15.
(luatex.def)             Requested size: 136.57462pt x 110.38606pt.
 (/usr/share/texmf-dist/tex/latex/mlmodern/omlmlmm.fd) (/usr/share/texmf-dist/tex/latex/mlmodern/omsmlmsy.fd) (/usr/share/texmf-dist/tex/latex/mlmodern/omxmlmex.fd) (/usr/share/texmf-dist/tex/latex/amsfonts/umsa.fd) (/usr/share/texmf-dist/tex/latex/amsfonts/umsb.fd)

[1

{/var/lib/texmf/fonts/map/pdftex/updmap/pdftex.map}<./assets/uit_logo-eps-converted-to.pdf>]) (./src/abstract.tex


warning  (pdf backend): ignoring duplicate destination with the name 'page.1'
[1]) (./src/phan_cong.tex)
Underfull \hbox (badness 10000) in paragraph at lines 17--40

 []




warning  (pdf backend): ignoring duplicate destination with the name 'page.1'
[1

] (./main.toc

[2

])
\tf@toc=\write5

\openout5 = main.toc
 (./src/1:gioi_thieu_tong_quan/index.tex

[3]

[4]
Chương 1.
(./src/1:gioi_thieu_tong_quan/1:bai_toan_thuc_te/index.tex) (./src/1:gioi_thieu_tong_quan/2:khai_niem_truy_xuat_thong_tin/index.tex

[5

]) (./src/1:gioi_thieu_tong_quan/3:vai_tro_cua_truy_xuat_thong_tin/index.tex

[6]) (./src/1:gioi_thieu_tong_quan/4:quy_trinh_truy_xuat_thong_tin/index.tex (./src/1:gioi_thieu_tong_quan/4:quy_trinh_truy_xuat_thong_tin/1:giai_doan_tien_xu_ly/index.tex

[7]

[8]) (./src/1:gioi_thieu_tong_quan/4:quy_trinh_truy_xuat_thong_tin/2:giai_doan_lap_chi_muc/index.tex

[9]) (./src/1:gioi_thieu_tong_quan/4:quy_trinh_truy_xuat_thong_tin/3:giai_doan_truy_van/index.tex

[10]))) (./src/2:vector_space_model/index.tex

[11]

[12]
Chương 2.
(./src/2:vector_space_model/1:gioi_thieu/index.tex

[13

]) (./src/2:vector_space_model/2:ki_hieu/index.tex

[14]) (./src/2:vector_space_model/3:y_tuong/index.tex

[15]

[16]
<assets/vsm-illustration.png, id=386, 837.1275pt x 511.9125pt>
File: assets/vsm-illustration.png Graphic file (type png)
<use assets/vsm-illustration.png>
Package luatex.def Info: assets/vsm-illustration.png  used on input line 23.
(luatex.def)             Requested size: 455.24411pt x 278.38142pt.
) (./src/2:vector_space_model/4:phan_tich_tai_lieu_va_lap_chi_muc/index.tex (./src/2:vector_space_model/4:phan_tich_tai_lieu_va_lap_chi_muc/1:phan_tich_tai_lieu/index.tex

[17<./assets/vsm-illustration.png>]

[18]

[19]

[20]

[21]

[22]) (./src/2:vector_space_model/4:phan_tich_tai_lieu_va_lap_chi_muc/2:lap_chi_muc/index.tex

[23]

[24])) (./src/2:vector_space_model/5:truy_xuat_chi_muc/index.tex (./src/2:vector_space_model/5:truy_xuat_chi_muc/1:concept_vectors/index.tex

[25]) (./src/2:vector_space_model/5:truy_xuat_chi_muc/2:trong_so_weight_cho_cac_vector/index.tex

[26] (./src/2:vector_space_model/5:truy_xuat_chi_muc/2:trong_so_weight_cho_cac_vector/1:term_frequency_tf/index.tex

[27]) (./src/2:vector_space_model/5:truy_xuat_chi_muc/2:trong_so_weight_cho_cac_vector/2:inverse_document_frequency_idf/index.tex

[28]) (./src/2:vector_space_model/5:truy_xuat_chi_muc/2:trong_so_weight_cho_cac_vector/3:term_frequency_inverse_document_frequency_tf_idf/index.tex

[29]) (./src/2:vector_space_model/5:truy_xuat_chi_muc/2:trong_so_weight_cho_cac_vector/4:vector_hoa_tai_lieu_va_truy_van/index.tex

[30]

[31]

[32]) (./src/2:vector_space_model/5:truy_xuat_chi_muc/2:trong_so_weight_cho_cac_vector/5:chuan_hoa_trong_so/index.tex

[33]))) (./src/2:vector_space_model/6:tinh_do_tuong_dong_va_xep_hang/index.tex

[34] (./src/2:vector_space_model/6:tinh_do_tuong_dong_va_xep_hang/1:do_tuong_dong_cosine/index.tex

[35])) (./src/2:vector_space_model/7:nhan_xet/index.tex

[36] (./src/2:vector_space_model/7:nhan_xet/1:uu_diem/index.tex

[37]) (./src/2:vector_space_model/7:nhan_xet/2:nhuoc_diem/index.tex

[38]))) (./src/3:neural_network_based_model/index.tex

[39]
Chương 3.
(./src/3:neural_network_based_model/1:gioi_thieu/index.tex

[40

]) (./src/3:neural_network_based_model/2:kien_truc_bert/index.tex

[41]
<assets/bert.png, id=533, 766.865pt x 504.88625pt>
File: assets/bert.png Graphic file (type png)
<use assets/bert.png>
Package luatex.def Info: assets/bert.png  used on input line 19.
(luatex.def)             Requested size: 455.24411pt x 299.72923pt.


[42]) (./src/3:neural_network_based_model/3:y_tuong/index.tex

[43<./assets/bert.png>]

[44]) (./src/3:neural_network_based_model/4:lap_chi_muc/index.tex

[45]) (./src/3:neural_network_based_model/5:truy_xuat_chi_muc/index.tex

[46]) (./src/3:neural_network_based_model/6:tinh_do_tuong_dong_va_xep_hang/index.tex) (./src/3:neural_network_based_model/7:nhan_xet/index.tex

[47] (./src/3:neural_network_based_model/7:nhan_xet/1:uu_diem/index.tex) (./src/3:neural_network_based_model/7:nhan_xet/2:nhuoc_diem/index.tex

[48]))) (./src/4:cai_dat_va_danh_gia/index.tex

[49]
Chương 4.
(./src/4:cai_dat_va_danh_gia/1:du_lieu_va_do_do/index.tex

[50

]

[51]) (./src/4:cai_dat_va_danh_gia/2:vector_space_model/index.tex

[52]
<assets/vsm-flowchart.png, id=591, 901.404pt x 192.282pt>
File: assets/vsm-flowchart.png Graphic file (type png)
<use assets/vsm-flowchart.png>
Package luatex.def Info: assets/vsm-flowchart.png  used on input line 15.
(luatex.def)             Requested size: 455.24411pt x 97.1119pt.


[53<./assets/vsm-flowchart.png>]) (./src/4:cai_dat_va_danh_gia/3:neural_network_based_model/index.tex

[54]
<assets/nn-based-flowchart.png, id=602, 844.026pt x 166.221pt>
File: assets/nn-based-flowchart.png Graphic file (type png)
<use assets/nn-based-flowchart.png>
Package luatex.def Info: assets/nn-based-flowchart.png  used on input line 17.
(luatex.def)             Requested size: 455.24411pt x 89.65652pt.


[55]
LaTeX Font Info:    Font shape `TU/lmtt/bx/n' in size <12> not available
(Font)              Font shape `TU/lmtt/b/n' tried instead on input line 22.


[56<./assets/nn-based-flowchart.png>]) (./src/4:cai_dat_va_danh_gia/4:danh_gia/index.tex

[57])) (./src/5:tong_ket_va_mo_rong/index.tex

[58]
Chương 5.


[59

]) (./src/6:ung_dung_thuc_te/index.tex

[60]

[61]
Chương 6.


[62

]
<assets/app_demo.png, id=639, 644.736pt x 316.455pt>
File: assets/app_demo.png Graphic file (type png)
<use assets/app_demo.png>
Package luatex.def Info: assets/app_demo.png  used on input line 22.
(luatex.def)             Requested size: 455.24411pt x 223.44847pt.


[63<./assets/app_demo.png>]

[64]

[65]

[66]

[67]

[68]

[69]

[70])

[71]
Module polyglossia Info: Language data for vietnamese
(polyglossia)            lefthyphenmin	0
(polyglossia)            loader	hyph-vi.tex
(polyglossia)            righthyphenmin	0
(polyglossia)            synonyms	 on input line 54
Module polyglossia Info: Language vietnamese was not yet loaded; created with id 5 on input line 54


[72

] (./main.aux)
 ***********
LaTeX2e <2024-11-01> patch level 2
L3 programming layer <2025-01-18>
 ***********
Package rerunfilecheck Info: File `main.out' has not changed.
(rerunfilecheck)             Checksum: 31358CD175B70FCDB09719B082AD6924;9679.
Package logreq Info: Writing requests to 'main.run.xml'.

\openout1 = main.run.xml
)

Here is how much of LuaTeX's memory you used:
 24720 strings out of 475506
 125165,1648299 words of node,token memory allocated
 741 words of node memory still in use:
   6 hlist, 2 vlist, 2 rule, 3 glue, 5 kern, 1 penalty, 1 glyph, 42 attribute, 68 glue_spec, 42 attribute_list, 1 write, 3 pdf_action nodes
   avail lists: 2:703,3:327,4:248,5:390,6:94,7:5101,8:65,9:515,10:22,11:34,12:1
 46826 multiletter control sequences out of 65536+600000
 65 fonts using 5139447 bytes
 74i,11n,76p,2123b,1166s stack positions out of 10000i,1000n,20000p,200000b,200000s
</usr/share/fonts/OTF/lmromancaps10-regular.otf></usr/share/fonts/OTF/lmroman10-regular.otf></usr/share/fonts/OTF/lmmonolt10-bold.otf>{/usr/share/texmf-dist/fonts/enc/dvips/lm/lm-mathsy.enc}</usr/share/fonts/OTF/lmroman8-regular.otf>{/usr/share/texmf-dist/fonts/enc/dvips/lm/lm-mathit.enc}{/usr/share/texmf-dist/fonts/enc/dvips/lm/lm-mathex.enc}</usr/share/fonts/OTF/lmmono12-regular.otf></usr/share/fonts/OTF/lmroman12-italic.otf></usr/share/fonts/OTF/lmroman12-bold.otf></usr/share/fonts/OTF/lmroman17-regular.otf></usr/share/fonts/OTF/lmroman12-regular.otf></usr/share/texmf-dist/fonts/type1/public/amsfonts/cm/cmr12.pfb></usr/share/texmf-dist/fonts/type1/public/amsfonts/cm/cmr8.pfb></usr/share/texmf-dist/fonts/type1/public/mlmodern/mlmex10.pfb></usr/share/texmf-dist/fonts/type1/public/mlmodern/mlmmi12.pfb></usr/share/texmf-dist/fonts/type1/public/mlmodern/mlmmi6.pfb></usr/share/texmf-dist/fonts/type1/public/mlmodern/mlmmi8.pfb></usr/share/texmf-dist/fonts/type1/public/mlmodern/mlmsy10.pfb></usr/share/texmf-dist/fonts/type1/public/mlmodern/mlmsy6.pfb></usr/share/texmf-dist/fonts/type1/public/mlmodern/mlmsy8.pfb></usr/share/texmf-dist/fonts/type1/public/amsfonts/symbols/msbm10.pfb>
Output written on main.pdf (74 pages, 1496155 bytes).

PDF statistics: 804 PDF objects out of 1000 (max. 8388607)
 672 compressed objects within 7 object streams
 182 named destinations out of 1000 (max. 131072)
 441 words of extra memory for PDF output out of 10000 (max. 100000000)

